<?xml version="1.0" encoding="UTF-8"?>
<!-- Generated by org.testng.reporters.JUnitReportReporter -->
<testsuite hostname="Lao-Lao-Mac.local" failures="0" tests="4" name="ecommerce.LoginTest" time="14.368" errors="0" timestamp="2024-08-11T09:48:35 MMT" skipped="0">
  <testcase classname="ecommerce.LoginTest" name="loginTest" time="3.528"/>
  <system-out/>
  <testcase classname="ecommerce.LoginTest" name="loginTest" time="5.179"/>
  <system-out/>
  <testcase classname="ecommerce.LoginTest" name="loginTest" time="1.754"/>
  <system-out/>
  <testcase classname="ecommerce.LoginTest" name="loginTest" time="3.907"/>
  <system-out/>
</testsuite> <!-- ecommerce.LoginTest -->
